TN:
SF:validation-core/object-validator.ts
FN:11,(anonymous_0)
FN:20,(anonymous_1)
FN:29,(anonymous_2)
FN:43,(anonymous_3)
FN:53,(anonymous_4)
FN:67,(anonymous_5)
FN:76,(anonymous_6)
FN:115,(anonymous_7)
FN:125,(anonymous_8)
FN:133,(anonymous_9)
FN:142,(anonymous_10)
FN:156,(anonymous_11)
FNF:12
FNH:7
FNDA:15,(anonymous_0)
FNDA:1,(anonymous_1)
FNDA:0,(anonymous_2)
FNDA:2,(anonymous_3)
FNDA:117,(anonymous_4)
FNDA:15,(anonymous_5)
FNDA:132,(anonymous_6)
FNDA:1,(anonymous_7)
FNDA:0,(anonymous_8)
FNDA:0,(anonymous_9)
FNDA:0,(anonymous_10)
FNDA:0,(anonymous_11)
DA:12,15
DA:21,1
DA:22,1
DA:23,1
DA:30,0
DA:31,0
DA:32,0
DA:44,2
DA:54,117
DA:66,1
DA:67,15
DA:68,15
DA:78,132
DA:79,2
DA:83,130
DA:84,2
DA:87,128
DA:88,128
DA:89,128
DA:92,128
DA:93,479
DA:94,479
DA:95,479
DA:96,13
DA:98,466
DA:102,128
DA:103,13
DA:109,115
DA:116,1
DA:117,1
DA:118,1
DA:119,1
DA:126,0
DA:134,0
DA:135,0
DA:143,0
DA:144,0
DA:145,0
DA:146,0
DA:149,0
DA:157,0
DA:158,0
DA:159,0
DA:160,0
DA:163,0
LF:45
LH:29
BRDA:46,0,0,2
BRDA:46,0,1,2
BRDA:78,1,0,2
BRDA:78,2,0,132
BRDA:78,2,1,2
BRDA:83,3,0,2
BRDA:83,4,0,130
BRDA:83,4,1,129
BRDA:83,4,2,128
BRDA:95,5,0,13
BRDA:95,5,1,466
BRDA:102,6,0,13
BRDA:145,7,0,0
BRDA:159,8,0,0
BRF:14
BRH:12
end_of_record
TN:
SF:validation-core/validation-library.ts
FN:13,(anonymous_0)
FN:22,(anonymous_1)
FN:31,(anonymous_2)
FN:45,(anonymous_3)
FN:55,(anonymous_4)
FN:72,(anonymous_5)
FN:104,(anonymous_6)
FN:113,(anonymous_7)
FN:122,(anonymous_8)
FN:131,(anonymous_9)
FN:138,(anonymous_10)
FN:142,(anonymous_11)
FN:156,(anonymous_12)
FN:161,(anonymous_13)
FN:193,(anonymous_14)
FN:202,(anonymous_15)
FN:211,(anonymous_16)
FN:220,(anonymous_17)
FN:224,(anonymous_18)
FN:239,(anonymous_19)
FN:253,(anonymous_20)
FN:268,(anonymous_21)
FN:305,(anonymous_22)
FN:314,(anonymous_23)
FN:320,(anonymous_24)
FN:337,(anonymous_25)
FN:341,(anonymous_26)
FN:387,(anonymous_27)
FN:396,(anonymous_28)
FN:402,(anonymous_29)
FN:416,(anonymous_30)
FN:420,(anonymous_31)
FN:456,(anonymous_32)
FN:468,(anonymous_33)
FN:472,(anonymous_34)
FN:486,(anonymous_35)
FN:501,(anonymous_36)
FN:508,(anonymous_37)
FN:515,(anonymous_38)
FN:522,(anonymous_39)
FN:529,(anonymous_40)
FN:536,(anonymous_41)
FN:543,(anonymous_42)
FN:550,(anonymous_43)
FN:552,(anonymous_44)
FN:559,(anonymous_45)
FNF:46
FNH:44
FNDA:241,(anonymous_0)
FNDA:16,(anonymous_1)
FNDA:14,(anonymous_2)
FNDA:65,(anonymous_3)
FNDA:1545,(anonymous_4)
FNDA:1488,(anonymous_5)
FNDA:15,(anonymous_6)
FNDA:16,(anonymous_7)
FNDA:20,(anonymous_8)
FNDA:5,(anonymous_9)
FNDA:2,(anonymous_10)
FNDA:69,(anonymous_11)
FNDA:53,(anonymous_12)
FNDA:49,(anonymous_13)
FNDA:13,(anonymous_14)
FNDA:12,(anonymous_15)
FNDA:5,(anonymous_16)
FNDA:1,(anonymous_17)
FNDA:34,(anonymous_18)
FNDA:14,(anonymous_19)
FNDA:2,(anonymous_20)
FNDA:11,(anonymous_21)
FNDA:2,(anonymous_22)
FNDA:2,(anonymous_23)
FNDA:6,(anonymous_24)
FNDA:20,(anonymous_25)
FNDA:23,(anonymous_26)
FNDA:4,(anonymous_27)
FNDA:4,(anonymous_28)
FNDA:9,(anonymous_29)
FNDA:6,(anonymous_30)
FNDA:0,(anonymous_31)
FNDA:0,(anonymous_32)
FNDA:12,(anonymous_33)
FNDA:21,(anonymous_34)
FNDA:1,(anonymous_35)
FNDA:51,(anonymous_36)
FNDA:19,(anonymous_37)
FNDA:11,(anonymous_38)
FNDA:6,(anonymous_39)
FNDA:6,(anonymous_40)
FNDA:11,(anonymous_41)
FNDA:11,(anonymous_42)
FNDA:3,(anonymous_43)
FNDA:9,(anonymous_44)
FNDA:2,(anonymous_45)
DA:14,241
DA:23,16
DA:24,16
DA:25,16
DA:32,14
DA:33,14
DA:34,14
DA:46,65
DA:56,1545
DA:67,1
DA:74,1488
DA:75,1
DA:79,1487
DA:80,12
DA:84,1475
DA:85,5
DA:89,1470
DA:90,1
DA:94,1469
DA:95,11
DA:98,1458
DA:105,15
DA:106,15
DA:107,15
DA:114,16
DA:115,16
DA:116,16
DA:123,20
DA:124,20
DA:125,20
DA:132,5
DA:139,2
DA:143,69
DA:144,69
DA:145,69
DA:146,69
DA:147,69
DA:148,69
DA:149,69
DA:156,1
DA:159,53
DA:163,49
DA:164,2
DA:168,47
DA:169,7
DA:173,40
DA:174,3
DA:178,37
DA:179,4
DA:183,33
DA:184,2
DA:187,31
DA:194,13
DA:195,13
DA:196,13
DA:203,12
DA:204,12
DA:205,12
DA:212,5
DA:213,5
DA:214,5
DA:221,1
DA:225,34
DA:226,34
DA:227,34
DA:228,34
DA:229,34
DA:230,34
DA:231,34
DA:238,1
DA:241,14
DA:242,1
DA:246,13
DA:247,4
DA:250,9
DA:254,2
DA:255,2
DA:256,2
DA:257,2
DA:264,1
DA:270,11
DA:271,1
DA:276,10
DA:277,5
DA:278,5
DA:279,4
DA:281,1
DA:285,9
DA:286,2
DA:290,7
DA:291,1
DA:295,6
DA:296,1
DA:299,5
DA:306,2
DA:307,2
DA:308,2
DA:315,2
DA:316,2
DA:317,2
DA:321,6
DA:322,6
DA:323,6
DA:324,6
DA:325,6
DA:326,6
DA:333,1
DA:337,20
DA:338,20
DA:343,23
DA:344,1
DA:348,22
DA:349,1
DA:353,21
DA:354,2
DA:357,19
DA:358,1
DA:362,18
DA:363,18
DA:365,18
DA:366,1134
DA:367,1134
DA:368,10
DA:370,1124
DA:374,18
DA:375,5
DA:381,13
DA:388,4
DA:389,4
DA:390,4
DA:397,4
DA:398,4
DA:399,4
DA:403,9
DA:404,9
DA:405,9
DA:406,9
DA:407,9
DA:408,9
DA:415,1
DA:416,6
DA:417,6
DA:422,0
DA:423,0
DA:427,0
DA:428,0
DA:431,0
DA:432,0
DA:433,0
DA:436,0
DA:437,0
DA:438,0
DA:439,0
DA:440,0
DA:442,0
DA:446,0
DA:447,0
DA:453,0
DA:457,0
DA:458,0
DA:459,0
DA:460,0
DA:467,1
DA:468,12
DA:469,12
DA:474,21
DA:475,1
DA:479,20
DA:480,7
DA:483,13
DA:487,1
DA:488,1
DA:489,1
DA:490,1
DA:497,1
DA:502,51
DA:509,19
DA:516,11
DA:523,6
DA:530,6
DA:537,11
DA:544,11
DA:551,3
DA:553,9
DA:554,1
DA:556,8
DA:560,2
DA:576,1
DA:593,1
DA:628,1
DA:649,1
DA:694,1
DA:749,1
LF:193
LH:173
BRDA:48,0,0,65
BRDA:48,0,1,53
BRDA:74,1,0,1
BRDA:74,2,0,1488
BRDA:74,2,1,3
BRDA:79,3,0,12
BRDA:84,4,0,5
BRDA:84,5,0,1475
BRDA:84,5,1,20
BRDA:89,6,0,1
BRDA:89,7,0,1470
BRDA:89,7,1,13
BRDA:94,8,0,11
BRDA:94,9,0,1469
BRDA:94,9,1,135
BRDA:163,10,0,2
BRDA:163,11,0,49
BRDA:163,11,1,3
BRDA:168,12,0,7
BRDA:168,13,0,47
BRDA:168,13,1,41
BRDA:173,14,0,3
BRDA:173,15,0,40
BRDA:173,15,1,9
BRDA:178,16,0,4
BRDA:178,17,0,37
BRDA:178,17,1,20
BRDA:183,18,0,2
BRDA:183,19,0,33
BRDA:183,19,1,14
BRDA:241,20,0,1
BRDA:241,21,0,14
BRDA:241,21,1,1
BRDA:246,22,0,4
BRDA:270,23,0,1
BRDA:270,24,0,11
BRDA:270,24,1,1
BRDA:276,25,0,5
BRDA:276,25,1,5
BRDA:278,26,0,4
BRDA:278,26,1,1
BRDA:278,27,0,5
BRDA:278,27,1,2
BRDA:285,28,0,2
BRDA:290,29,0,1
BRDA:290,30,0,7
BRDA:290,30,1,3
BRDA:295,31,0,1
BRDA:295,32,0,6
BRDA:295,32,1,2
BRDA:343,33,0,1
BRDA:343,34,0,23
BRDA:343,34,1,1
BRDA:348,35,0,1
BRDA:353,36,0,2
BRDA:353,37,0,21
BRDA:353,37,1,7
BRDA:357,38,0,1
BRDA:357,39,0,19
BRDA:357,39,1,5
BRDA:367,40,0,10
BRDA:367,40,1,1124
BRDA:374,41,0,5
BRDA:422,42,0,0
BRDA:422,43,0,0
BRDA:422,43,1,0
BRDA:427,44,0,0
BRDA:427,45,0,0
BRDA:427,45,1,0
BRDA:427,45,2,0
BRDA:439,46,0,0
BRDA:439,46,1,0
BRDA:446,47,0,0
BRDA:474,48,0,1
BRDA:474,49,0,21
BRDA:474,49,1,1
BRDA:479,50,0,7
BRDA:553,51,0,1
BRDA:553,52,0,9
BRDA:553,52,1,1
BRF:80
BRH:70
end_of_record
