
> typescript-validation-library@1.0.0 test:coverage
> jest --coverage

-----------------------|---------|----------|---------|---------|-------------------
File                   | % Stmts | % Branch | % Funcs | % Lines | Uncovered Line #s 
-----------------------|---------|----------|---------|---------|-------------------
All files              |   84.93 |    87.23 |   87.93 |   84.87 |                   
 object-validator.ts   |   64.44 |    85.71 |   58.33 |   64.44 | 30-32,126-163     
 validation-library.ts |   89.69 |     87.5 |   95.65 |   89.63 | 422-460           
-----------------------|---------|----------|---------|---------|-------------------
